[2026-02-15T12:09:35.451] [ERROR] [app-none] - UNCAUGHT EXCEPTION! Shutting down...

[2026-02-15T12:09:35.455] [ERROR] [app-none] - Error listen EADDRINUSE: address already in use :::3000

[2026-02-15T12:09:35.455] [FATAL] [app-none] - Process terminated due to uncaught exception

[2026-02-15T12:11:20.289] [INFO] [app-none] - Server listening on port 3000

[2026-02-15T12:11:22.316] [INFO] [app-none] - [::1] [/health] [200]

[2026-02-15T12:11:23.953] [ERROR] [app-none] - [::1] [/service-worker.js] [404] - Not Found

[2026-02-15T12:11:44.616] [ERROR] [app-none] - UNCAUGHT EXCEPTION! Shutting down...

[2026-02-15T12:11:44.619] [ERROR] [app-none] - Error listen EADDRINUSE: address already in use :::3000

[2026-02-15T12:11:44.620] [FATAL] [app-none] - Process terminated due to uncaught exception

[2026-02-15T12:11:49.455] [INFO] [app-none] - Server listening on port 3000

[2026-02-15T12:11:51.765] [INFO] [app-none] - [::1] [/health] [200]

[2026-02-15T12:11:53.445] [ERROR] [app-none] - [::1] [/service-worker.js] [404] - Not Found

[2026-02-15T12:12:22.830] [ERROR] [app-none] - [::1] [/service-worker.js] [404] - Not Found

[2026-02-15T12:13:48.100] [ERROR] [app-none] - UNCAUGHT EXCEPTION! Shutting down...

[2026-02-15T12:13:48.104] [ERROR] [app-none] - Error listen EADDRINUSE: address already in use :::3000

[2026-02-15T12:13:48.104] [FATAL] [app-none] - Process terminated due to uncaught exception

[2026-02-15T12:13:51.317] [ERROR] [app-none] - UNCAUGHT EXCEPTION! Shutting down...

[2026-02-15T12:13:51.320] [ERROR] [app-none] - Error listen EADDRINUSE: address already in use :::3000

[2026-02-15T12:13:51.321] [FATAL] [app-none] - Process terminated due to uncaught exception

[2026-02-15T12:13:54.349] [INFO] [app-none] - Server listening on port 3000

[2026-02-15T12:13:57.174] [ERROR] [app-none] - UNCAUGHT EXCEPTION! Shutting down...

[2026-02-15T12:13:57.174] [ERROR] [app-none] - ReferenceError requestIp is not defined

[2026-02-15T12:14:31.654] [INFO] [app-none] - Server listening on port 3000

[2026-02-15T12:14:35.182] [ERROR] [app-none] - UNCAUGHT EXCEPTION! Shutting down...

[2026-02-15T12:14:35.182] [ERROR] [app-none] - ReferenceError requestIp is not defined

[2026-02-15T12:14:53.103] [FATAL] [app-none] - Process terminated due to uncaught exception

[2026-02-15T12:14:57.372] [INFO] [app-none] - Server listening on port 3000

[2026-02-15T12:14:57.490] [ERROR] [app-none] - UNCAUGHT EXCEPTION! Shutting down...

[2026-02-15T12:14:57.491] [ERROR] [app-none] - ReferenceError requestIp is not defined

[2026-02-15T12:14:57.492] [ERROR] [app-none] - UNCAUGHT EXCEPTION! Shutting down...

[2026-02-15T12:14:57.492] [ERROR] [app-none] - ReferenceError requestIp is not defined

[2026-02-15T12:15:29.915] [INFO] [app-none] - Server listening on port 3000

[2026-02-15T12:15:33.136] [INFO] [app-none] - [/health] [::1] [200]

[2026-02-15T12:15:34.991] [ERROR] [app-none] - [/service-worker.js] [::1] [404] - Not Found

[2026-02-15T12:16:04.344] [ERROR] [app-none] - [/service-worker.js] [::1] [404] - Not Found

[2026-02-15T13:10:37.494] [INFO] [app-none] - Server listening on port 3000

[2026-02-15T13:11:53.125] [INFO] [app-none] - Server listening on port 3000

